<?xml version="1.0" encoding="UTF-8"?>
<!-- Generated by org.testng.reporters.JUnitXMLReporter -->
<testsuite ignored="0" hostname="Mayank-Macbook.local" failures="1" tests="5" name="Default test" time="7.961" errors="0" timestamp="2022-02-09T08:53:33 IST">
  <testcase classname="com.xyz.MavenExample2.Test2" name="t1_openBrowser" time="2.538"/>
  <testcase classname="com.xyz.MavenExample2.Test2" name="t2_openURL" time="5.215"/>
  <testcase classname="com.xyz.MavenExample2.Test2" name="t3_search" time="0.0">
    <failure type="org.testng.TestNGException" message="
Parameter &amp;apos;word&amp;apos; is required by @Test on method t3_search but has not been marked @Optional or defined
in /private/var/folders/hc/bxv1wnkn3bd75g2tz_nvkk400000gn/T/testng-eclipse-1318196729/testng-customsuite.xml">
      <![CDATA[org.testng.TestNGException: 
Parameter 'word' is required by @Test on method t3_search but has not been marked @Optional or defined
in /private/var/folders/hc/bxv1wnkn3bd75g2tz_nvkk400000gn/T/testng-eclipse-1318196729/testng-customsuite.xml
at org.testng.internal.Parameters.createParams(Parameters.java:267)
at org.testng.internal.Parameters.createParametersForMethod(Parameters.java:355)
at org.testng.internal.Parameters.createParameters(Parameters.java:660)
at org.testng.internal.Parameters.handleParameters(Parameters.java:856)
at org.testng.internal.Parameters.handleParameters(Parameters.java:704)
at org.testng.internal.invokers.ParameterHandler.handleParameters(ParameterHandler.java:70)
at org.testng.internal.invokers.ParameterHandler.createParameters(ParameterHandler.java:49)
at org.testng.internal.invokers.TestInvoker$MethodInvocationAgent.invoke(TestInvoker.java:904)
at org.testng.internal.invokers.TestInvoker.invokeTestMethods(TestInvoker.java:193)
at org.testng.internal.invokers.TestMethodWorker.invokeTestMethods(TestMethodWorker.java:146)
at org.testng.internal.invokers.TestMethodWorker.run(TestMethodWorker.java:128)
at java.base/java.util.ArrayList.forEach(ArrayList.java:1507)
at org.testng.TestRunner.privateRun(TestRunner.java:808)
at org.testng.TestRunner.run(TestRunner.java:603)
at org.testng.SuiteRunner.runTest(SuiteRunner.java:429)
at org.testng.SuiteRunner.runSequentially(SuiteRunner.java:423)
at org.testng.SuiteRunner.privateRun(SuiteRunner.java:383)
at org.testng.SuiteRunner.run(SuiteRunner.java:326)
at org.testng.SuiteRunnerWorker.runSuite(SuiteRunnerWorker.java:52)
at org.testng.SuiteRunnerWorker.run(SuiteRunnerWorker.java:95)
at org.testng.TestNG.runSuitesSequentially(TestNG.java:1249)
at org.testng.TestNG.runSuitesLocally(TestNG.java:1169)
at org.testng.TestNG.runSuites(TestNG.java:1092)
at org.testng.TestNG.run(TestNG.java:1060)
at org.testng.remote.AbstractRemoteTestNG.run(AbstractRemoteTestNG.java:115)
at org.testng.remote.RemoteTestNG.initAndRun(RemoteTestNG.java:251)
at org.testng.remote.RemoteTestNG.main(RemoteTestNG.java:77)
]]>
    </failure>
  </testcase> <!-- t3_search -->
  <testcase classname="com.xyz.MavenExample2.Test2" name="t5_closeBrowser" time="0.16"/>
  <testcase classname="com.xyz.MavenExample2.Test2" name="t4_result" time="0.0">
    <skipped/>
  </testcase> <!-- t4_result -->
</testsuite> <!-- Default test -->
